<?xml version="1.0" encoding="UTF-8"?>
<!-- Generated by org.testng.reporters.JUnitXMLReporter -->
<testsuite hostname="Tony" name="Default test" tests="1" failures="0" timestamp="14 May 2017 17:07:55 GMT" time="0.043" errors="0">
  <testcase name="@BeforeTest beforeTest" time="0.0" classname="Selenium.Q2.WebTest">
    <failure type="org.testng.TestNGException" message="
Parameter &amp;apos;Search_word&amp;apos; is required by @Configuration on method beforeTest but has not been marked @Optional or defined
in C:\Users\Tony\AppData\Local\Temp\testng-eclipse--552078785\testng-customsuite.xml">
      <![CDATA[org.testng.TestNGException: 
Parameter 'Search_word' is required by @Configuration on method beforeTest but has not been marked @Optional or defined
in C:\Users\Tony\AppData\Local\Temp\testng-eclipse--552078785\testng-customsuite.xml
	at org.testng.internal.Parameters.createParameters(Parameters.java:155)
	at org.testng.internal.Parameters.createParameters(Parameters.java:358)
	at org.testng.internal.Parameters.createConfigurationParameters(Parameters.java:86)
	at org.testng.internal.Invoker.invokeConfigurations(Invoker.java:199)
	at org.testng.internal.Invoker.invokeConfigurations(Invoker.java:138)
	at org.testng.TestRunner.beforeRun(TestRunner.java:641)
	at org.testng.TestRunner.run(TestRunner.java:609)
	at org.testng.SuiteRunner.runTest(SuiteRunner.java:334)
	at org.testng.SuiteRunner.runSequentially(SuiteRunner.java:329)
	at org.testng.SuiteRunner.privateRun(SuiteRunner.java:291)
	at org.testng.SuiteRunner.run(SuiteRunner.java:240)
	at org.testng.SuiteRunnerWorker.runSuite(SuiteRunnerWorker.java:52)
	at org.testng.SuiteRunnerWorker.run(SuiteRunnerWorker.java:86)
	at org.testng.TestNG.runSuitesSequentially(TestNG.java:1224)
	at org.testng.TestNG.runSuitesLocally(TestNG.java:1149)
	at org.testng.TestNG.run(TestNG.java:1057)
	at org.testng.remote.AbstractRemoteTestNG.run(AbstractRemoteTestNG.java:132)
	at org.testng.remote.RemoteTestNG.initAndRun(RemoteTestNG.java:230)
	at org.testng.remote.RemoteTestNG.main(RemoteTestNG.java:76)
]]>
    </failure>
  </testcase> <!-- @BeforeTest beforeTest -->
  <testcase name="@AfterTest afterTest" time="0.0" classname="Selenium.Q2.WebTest">
    <skipped/>
  </testcase> <!-- @AfterTest afterTest -->
  <testcase name="main" time="0.006" classname="Selenium.Q2.WebTest">
    <skipped/>
  </testcase> <!-- main -->
</testsuite> <!-- Default test -->
